<?xml version="1.0" encoding="UTF-8"?>
<!-- Generated by org.testng.reporters.JUnitReportReporter -->
<testsuite hostname="DESKTOP-POF9692" failures="0" tests="3" name="cts.miniproject.test.DdExcelWordpressLogin" time="46.706" errors="0" timestamp="2020-03-30T10:20:43 IST" skipped="0">
  <testcase classname="cts.miniproject.test.DdExcelWordpressLogin" name="loginToWordpress" time="14.736"/>
  <system-out/>
  <testcase classname="cts.miniproject.test.DdExcelWordpressLogin" name="loginToWordpress" time="14.586"/>
  <system-out/>
  <testcase classname="cts.miniproject.test.DdExcelWordpressLogin" name="loginToWordpress" time="17.384"/>
  <system-out/>
</testsuite> <!-- cts.miniproject.test.DdExcelWordpressLogin -->
