<?xml version="1.0" encoding="UTF-8"?>
<!-- Generated by org.testng.reporters.JUnitReportReporter -->
<testsuite hostname="DESKTOP-POF9692" failures="0" tests="3" name="cts.miniproject.test.DdExcelWordpressLogin" time="61.147" errors="0" timestamp="2020-03-30T17:52:56 IST" skipped="0">
  <testcase classname="cts.miniproject.test.DdExcelWordpressLogin" name="loginToWordpress" time="18.826"/>
  <system-out/>
  <testcase classname="cts.miniproject.test.DdExcelWordpressLogin" name="loginToWordpress" time="18.891"/>
  <system-out/>
  <testcase classname="cts.miniproject.test.DdExcelWordpressLogin" name="loginToWordpress" time="23.430"/>
  <system-out/>
</testsuite> <!-- cts.miniproject.test.DdExcelWordpressLogin -->
